#
# There is insufficient memory for the Java Runtime Environment to continue.
# Native memory allocation (mmap) failed to map 266338304 bytes for Failed to commit area from 0x0000000702400000 to 0x0000000712200000 of length 266338304.
# Possible reasons:
#   The system is out of physical RAM or swap space
#   The process is running with CompressedOops enabled, and the Java Heap may be blocking the growth of the native heap
# Possible solutions:
#   Reduce memory load on the system
#   Increase physical memory or swap space
#   Check if swap backing store is full
#   Decrease Java heap size (-Xmx/-Xms)
#   Decrease number of Java threads
#   Decrease Java thread stack sizes (-Xss)
#   Set larger code cache with -XX:ReservedCodeCacheSize=
# This output file may be truncated or incomplete.
#
#  Out of Memory Error (./src/hotspot/os/windows/os_windows.cpp:3301), pid=29636, tid=27828
#
# JRE version:  (11.0.10) (build )
# Java VM: OpenJDK 64-Bit Server VM (11.0.10+0-b96-7249189, mixed mode, sharing, tiered, compressed oops, g1 gc, windows-amd64)
# No core dump will be written. Minidumps are not enabled by default on client versions of Windows
#

---------------  S U M M A R Y ------------

Command Line: -Dorg.gradle.appname=gradlew org.gradle.wrapper.GradleWrapperMain -q -Ptarget-platform=android-arm64 -Ptarget=D:\Semester 6\padiku\lib\main.dart -Pbase-application-name=android.app.Application -Pdart-defines=RkxVVFRFUl9XRUJfQVVUT19ERVRFQ1Q9dHJ1ZQ== -Pdart-obfuscation=false -Ptrack-widget-creation=true -Ptree-shake-icons=false -Pfilesystem-scheme=org-dartlang-root assembleDebug

Host: AMD Ryzen 7 5800H with Radeon Graphics         , 16 cores, 15G,  Windows 10 , 64 bit Build 19041 (10.0.19041.1466)
Time: Thu Apr 14 12:06:51 2022 SE Asia Standard Time elapsed time: 0.011814 seconds (0d 0h 0m 0s)

---------------  T H R E A D  ---------------

Current thread (0x000002566e424800):  JavaThread "Unknown thread" [_thread_in_vm, id=27828, stack(0x000000bb82800000,0x000000bb82900000)]

Stack: [0x000000bb82800000,0x000000bb82900000]
Native frames: (J=compiled Java code, j=interpreted, Vv=VM code, C=native code)
V  [jvm.dll+0x5ecfaa]
V  [jvm.dll+0x722bd5]
V  [jvm.dll+0x72412d]
V  [jvm.dll+0x7247e3]
V  [jvm.dll+0x242928]
V  [jvm.dll+0x5ea374]
V  [jvm.dll+0x5df425]
V  [jvm.dll+0x2fdebb]
V  [jvm.dll+0x2fde2a]
V  [jvm.dll+0x2fdd02]
V  [jvm.dll+0x302bf6]
V  [jvm.dll+0x34b2a3]
V  [jvm.dll+0x34b9a6]
V  [jvm.dll+0x34b3a3]
V  [jvm.dll+0x2d8888]
V  [jvm.dll+0x2d9a37]
V  [jvm.dll+0x701737]
V  [jvm.dll+0x702f2c]
V  [jvm.dll+0x3587d9]
V  [jvm.dll+0x6e4fae]
V  [jvm.dll+0x3c0be3]
V  [jvm.dll+0x3c2e91]
C  [jli.dll+0x5373]
C  [ucrtbase.dll+0x21bb2]
C  [KERNEL32.DLL+0x17034]
C  [ntdll.dll+0x52651]


---------------  P R O C E S S  ---------------

Threads class SMR info:
_java_thread_list=0x000002566c1f31d0, length=0, elements={
}

Java Threads: ( => current thread )

Other Threads:
  0x000002566e437000 GCTaskThread "GC Thread#0" [stack: 0x000000bb82900000,0x000000bb82a00000] [id=9980]
  0x000002566e494000 ConcurrentGCThread "G1 Main Marker" [stack: 0x000000bb82a00000,0x000000bb82b00000] [id=29016]
  0x000002566e496800 ConcurrentGCThread "G1 Conc#0" [stack: 0x000000bb82b00000,0x000000bb82c00000] [id=2968]

[error occurred during error reporting (printing all threads), id 0xc0000005, EXCEPTION_ACCESS_VIOLATION (0xc0000005) at pc=0x00007ffb28049107]

VM state:not at safepoint (not fully initialized)

VM Mutex/Monitor currently owned by a thread:  ([mutex/lock_event])
[0x000002566e420cb0] Heap_lock - owner thread: 0x000002566e424800

Heap address: 0x0000000702400000, size: 4060 MB, Compressed Oops mode: Non-zero based: 0x0000000702400000
Narrow klass base: 0x0000000000000000, Narrow klass shift: 0

GC Heap History (0 events):
No events

Deoptimization events (0 events):
No events

Classes redefined (0 events):
No events

Internal exceptions (0 events):
No events

Events (1 events):
Event: 0.007 Loaded shared library C:\Program Files\Android\Android Studio\jre\bin\zip.dll


Dynamic libraries:
0x00007ff64bce0000 - 0x00007ff64bcea000 	C:\Program Files\Android\Android Studio\jre\bin\java.exe
0x00007ffb8a050000 - 0x00007ffb8a245000 	C:\Windows\SYSTEM32\ntdll.dll
0x00007ffb89b50000 - 0x00007ffb89c0e000 	C:\Windows\System32\KERNEL32.DLL
0x00007ffb877b0000 - 0x00007ffb87a78000 	C:\Windows\System32\KERNELBASE.dll
0x00007ffb87d80000 - 0x00007ffb87e80000 	C:\Windows\System32\ucrtbase.dll
0x00007ffb5dc40000 - 0x00007ffb5dc59000 	C:\Program Files\Android\Android Studio\jre\bin\jli.dll
0x00007ffb63550000 - 0x00007ffb63567000 	C:\Program Files\Android\Android Studio\jre\bin\VCRUNTIME140.dll
0x00007ffb88f50000 - 0x00007ffb890f1000 	C:\Windows\System32\USER32.dll
0x00007ffb78f60000 - 0x00007ffb791fa000 	C:\Windows\WinSxS\amd64_microsoft.windows.common-controls_6595b64144ccf1df_6.0.19041.1110_none_60b5254171f9507e\COMCTL32.dll
0x00007ffb88060000 - 0x00007ffb88082000 	C:\Windows\System32\win32u.dll
0x00007ffb89d20000 - 0x00007ffb89dbe000 	C:\Windows\System32\msvcrt.dll
0x00007ffb89a70000 - 0x00007ffb89a9b000 	C:\Windows\System32\GDI32.dll
0x00007ffb87b10000 - 0x00007ffb87c1d000 	C:\Windows\System32\gdi32full.dll
0x00007ffb87f30000 - 0x00007ffb87fcd000 	C:\Windows\System32\msvcp_win.dll
0x00007ffb88650000 - 0x00007ffb88680000 	C:\Windows\System32\IMM32.DLL
0x00007ffb31af0000 - 0x00007ffb31b8d000 	C:\Program Files\Android\Android Studio\jre\bin\msvcp140.dll
0x00007ffb27d60000 - 0x00007ffb2882f000 	C:\Program Files\Android\Android Studio\jre\bin\server\jvm.dll
0x00007ffb89120000 - 0x00007ffb891ce000 	C:\Windows\System32\ADVAPI32.dll
0x00007ffb88530000 - 0x00007ffb885cc000 	C:\Windows\System32\sechost.dll
0x00007ffb89ee0000 - 0x00007ffb8a005000 	C:\Windows\System32\RPCRT4.dll
0x00007ffb88520000 - 0x00007ffb88528000 	C:\Windows\System32\PSAPI.DLL
0x00007ffb7d750000 - 0x00007ffb7d777000 	C:\Windows\SYSTEM32\WINMM.dll
0x00007ffb50f80000 - 0x00007ffb50f89000 	C:\Windows\SYSTEM32\WSOCK32.dll
0x00007ffb804c0000 - 0x00007ffb804ca000 	C:\Windows\SYSTEM32\VERSION.dll
0x00007ffb891d0000 - 0x00007ffb8923b000 	C:\Windows\System32\WS2_32.dll
0x00007ffb85fe0000 - 0x00007ffb85ff2000 	C:\Windows\SYSTEM32\kernel.appcore.dll
0x00007ffb5d550000 - 0x00007ffb5d561000 	C:\Program Files\Android\Android Studio\jre\bin\verify.dll
0x00007ffb85db0000 - 0x00007ffb85f94000 	C:\Windows\SYSTEM32\DBGHELP.DLL
0x00007ffb6e860000 - 0x00007ffb6e88c000 	C:\Windows\SYSTEM32\dbgcore.DLL
0x00007ffb87fd0000 - 0x00007ffb88052000 	C:\Windows\System32\bcryptPrimitives.dll
0x00007ffb47a10000 - 0x00007ffb47a39000 	C:\Program Files\Android\Android Studio\jre\bin\java.dll
0x00007ffb82cc0000 - 0x00007ffb82ccb000 	C:\Program Files\Android\Android Studio\jre\bin\jimage.dll
0x00007ffb5d2b0000 - 0x00007ffb5d2c8000 	C:\Program Files\Android\Android Studio\jre\bin\zip.dll

dbghelp: loaded successfully - version: 4.0.5 - missing functions: none
symbol engine: initialized successfully - sym options: 0x614 - pdb path: .;C:\Program Files\Android\Android Studio\jre\bin;C:\Windows\SYSTEM32;C:\Windows\WinSxS\amd64_microsoft.windows.common-controls_6595b64144ccf1df_6.0.19041.1110_none_60b5254171f9507e;C:\Program Files\Android\Android Studio\jre\bin\server

VM Arguments:
jvm_args: -Dorg.gradle.appname=gradlew 
java_command: org.gradle.wrapper.GradleWrapperMain -q -Ptarget-platform=android-arm64 -Ptarget=D:\Semester 6\padiku\lib\main.dart -Pbase-application-name=android.app.Application -Pdart-defines=RkxVVFRFUl9XRUJfQVVUT19ERVRFQ1Q9dHJ1ZQ== -Pdart-obfuscation=false -Ptrack-widget-creation=true -Ptree-shake-icons=false -Pfilesystem-scheme=org-dartlang-root assembleDebug
java_class_path (initial): D:\Semester 6\padiku\android\\gradle\wrapper\gradle-wrapper.jar
Launcher Type: SUN_STANDARD

[Global flags]
     intx CICompilerCount                          = 12                                        {product} {ergonomic}
     uint ConcGCThreads                            = 3                                         {product} {ergonomic}
     uint G1ConcRefinementThreads                  = 13                                        {product} {ergonomic}
   size_t G1HeapRegionSize                         = 1048576                                   {product} {ergonomic}
    uintx GCDrainStackTargetSize                   = 64                                        {product} {ergonomic}
   size_t InitialHeapSize                          = 266338304                                 {product} {ergonomic}
   size_t MarkStackSize                            = 4194304                                   {product} {ergonomic}
   size_t MaxHeapSize                              = 4257218560                                {product} {ergonomic}
   size_t MinHeapDeltaBytes                        = 1048576                                   {product} {ergonomic}
    uintx NonNMethodCodeHeapSize                   = 7594288                                {pd product} {ergonomic}
    uintx NonProfiledCodeHeapSize                  = 122031976                              {pd product} {ergonomic}
    uintx ProfiledCodeHeapSize                     = 122031976                              {pd product} {ergonomic}
    uintx ReservedCodeCacheSize                    = 251658240                              {pd product} {ergonomic}
     bool SegmentedCodeCache                       = true                                      {product} {ergonomic}
     bool UseCompressedClassPointers               = true                                 {lp64_product} {ergonomic}
     bool UseCompressedOops                        = true                                 {lp64_product} {ergonomic}
     bool UseG1GC                                  = true                                      {product} {ergonomic}
     bool UseLargePagesIndividualAllocation        = false                                  {pd product} {ergonomic}

Logging:
Log output configuration:
 #0: stdout all=warning uptime,level,tags
 #1: stderr all=off uptime,level,tags

Environment Variables:
JAVA_HOME=C:\Program Files\Android\Android Studio\jre
CLASSPATH=D:\Semester 6\padiku\android\\gradle\wrapper\gradle-wrapper.jar
PATH=C:\ProgramData\Oracle\Java\javapath;C:\Program Files\Common Files\Oracle\Java\javapath;C:\Program Files (x86)\Common Files\Intel\Shared Files\cpp\bin\Intel64;C:\Windows\system32;C:\Windows;C:\Windows\System32\Wbem;C:\Windows\System32\WindowsPowerShell\v1.0\;C:\Windows\System32\OpenSSH\;C:\Program Files (x86)\NVIDIA Corporation\PhysX\Common;C:\Program Files\NVIDIA Corporation\NVIDIA NvDLISR;C:\Program Files\Git\cmd;C:\Program Files\Polyspace\R2021a\runtime\win64;C:\Program Files\Polyspace\R2021a\bin;C:\Program Files\Polyspace\R2021a\polyspace\bin;D:\tool-opencv-20220126T073810Z-001\tool-opencv\opencv-4.5.5\opencv-4.5.5\build\install\x64\vc17\bin;C:\tool-opencv-20220126T073810Z-001\tool-opencv\opencv-4.5.5\opencv-4.5.5\build\install\x64\vc17\bin;C:\Users\Lenovo\AppData\Local\Programs\Python\Python310\Scripts;D:\Aplikasi\flutter_windows_2.5.0-stable\flutter\bin;C:\Users\Lenovo\AppData\Local\Programs\Python\Python310\Scripts\submit50;C:\Users\Lenovo\AppData\Local\Microsoft\WindowsApps;C:\Users\Lenovo\AppData\Local\Programs\Microsoft VS Code\bin;C:\Program Files\CMake\bin;C:\Users\Lenovo\AppData\Local\gitkraken\bin;D:\Aplikasi\flutter_windows_2.5.0-stable\flutter\bin\mingit\cmd
USERNAME=Lenovo
OS=Windows_NT
PROCESSOR_IDENTIFIER=AMD64 Family 25 Model 80 Stepping 0, AuthenticAMD



---------------  S Y S T E M  ---------------

OS: Windows 10 , 64 bit Build 19041 (10.0.19041.1466)
OS uptime: 0 days 1:36 hours

CPU:total 16 (initial active 16) (16 cores per cpu, 2 threads per core) family 25 model 80 stepping 0 microcode 0x0, cmov, cx8, fxsr, mmx, sse, sse2, sse3, ssse3, sse4.1, sse4.2, popcnt, avx, avx2, aes, clmul, erms, mmxext, 3dnowpref, lzcnt, sse4a, ht, tsc, tscinvbit, tscinv, bmi1, bmi2,

Memory: 4k page, system-wide physical 16236M (568M free)
TotalPageFile size 35480M (AvailPageFile size 234M)
current process WorkingSet (physical memory assigned to process): 10M, peak: 10M
current process commit charge ("private bytes"): 71M, peak: 325M

vm_info: OpenJDK 64-Bit Server VM (11.0.10+0-b96-7249189) for windows-amd64 JRE (11.0.10+0-b96-7249189), built on Mar 31 2021 21:44:00 by "builder" with MS VC++ 14.0 (VS2015)

END.
